<?xml version="1.0" encoding="UTF-8" standalone="no"?><testsuite errors="1" failures="0" name="Loging page by yesi" skipped="0" tests="1" time="0.11" timestamp="2024-11-28 11:22:42"><testcase name="Ingresa pagina de bancolombia"><error message="'net.serenitybdd.core.Serenity$SerenityConfigurer net.serenitybdd.core.Serenity.initializeWithNoStepListener(java.lang.Object)'" type="java.lang.NoSuchMethodError">'net.serenitybdd.core.Serenity$SerenityConfigurer net.serenitybdd.core.Serenity.initializeWithNoStepListener(java.lang.Object)'</error><system-err>'net.serenitybdd.core.Serenity$SerenityConfigurer net.serenitybdd.core.Serenity.initializeWithNoStepListener(java.lang.Object)'&#13;
org.eclipse.jdt.internal.junit4.runner.JUnit4TestReference.run(JUnit4TestReference.java:93)&#13;
org.eclipse.jdt.internal.junit.runner.TestExecution.run(TestExecution.java:40)&#13;
org.eclipse.jdt.internal.junit.runner.RemoteTestRunner.runTests(RemoteTestRunner.java:530)&#13;
org.eclipse.jdt.internal.junit.runner.RemoteTestRunner.runTests(RemoteTestRunner.java:758)&#13;
org.eclipse.jdt.internal.junit.runner.RemoteTestRunner.run(RemoteTestRunner.java:453)&#13;
org.eclipse.jdt.internal.junit.runner.RemoteTestRunner.main(RemoteTestRunner.java:211)&#13;
</system-err></testcase></testsuite>